<?xml version="1.0" encoding="UTF-8"?>
<!-- Generated by org.testng.reporters.JUnitReportReporter -->
<testsuite hostname="surender3145693" name="testCases.SS_Order_OrderHistory" tests="1" failures="0" timestamp="1 Feb 2017 08:10:10 GMT" time="112.445" errors="0">
  <testcase name="main" time="112.445" classname="testCases.SS_Order_OrderHistory"/>
</testsuite> <!-- testCases.SS_Order_OrderHistory -->
