<?xml version="1.0" encoding="UTF-8"?>
<!-- Generated by org.testng.reporters.JUnitReportReporter -->
<testsuite hostname="surender3145693" name="testCases.SS_MyAccount_Verify_No_Orders" tests="1" failures="0" timestamp="1 Feb 2017 06:29:10 GMT" time="43.204" errors="0">
  <testcase name="main" time="43.204" classname="testCases.SS_MyAccount_Verify_No_Orders"/>
</testsuite> <!-- testCases.SS_MyAccount_Verify_No_Orders -->
