<?xml version="1.0" encoding="UTF-8"?>
<!-- Generated by org.testng.reporters.JUnitReportReporter -->
<testsuite hostname="surender3145693" name="testCases.SS_ProfilePage_PersonalInfo_Update" tests="1" failures="0" timestamp="2 Feb 2017 07:34:51 GMT" time="49.619" errors="0">
  <testcase name="main" time="49.619" classname="testCases.SS_ProfilePage_PersonalInfo_Update"/>
</testsuite> <!-- testCases.SS_ProfilePage_PersonalInfo_Update -->
