<?xml version="1.0" encoding="UTF-8"?>
<!-- Generated by org.testng.reporters.JUnitReportReporter -->
<testsuite hostname="surender3145693" name="testCases.SS_PLP_Verify_Promotion_Image_Link" tests="1" failures="0" timestamp="1 Feb 2017 06:29:11 GMT" time="49.171" errors="0">
  <testcase name="main" time="49.171" classname="testCases.SS_PLP_Verify_Promotion_Image_Link"/>
</testsuite> <!-- testCases.SS_PLP_Verify_Promotion_Image_Link -->
