<?xml version="1.0" encoding="UTF-8"?>
<!-- Generated by org.testng.reporters.JUnitReportReporter -->
<testsuite hostname="surender3145693" name="testCases.SS_PDP_BreadCrumb" tests="1" failures="0" timestamp="1 Feb 2017 06:29:11 GMT" time="87.074" errors="0">
  <testcase name="main" time="87.074" classname="testCases.SS_PDP_BreadCrumb"/>
</testsuite> <!-- testCases.SS_PDP_BreadCrumb -->
