<?xml version="1.0" encoding="UTF-8"?>
<!-- Generated by org.testng.reporters.JUnitReportReporter -->
<testsuite hostname="surender3145693" name="testCases.SS_CheckOut_RegisterAtCheckout_VerifyDefaultAddressAddition" tests="1" failures="0" timestamp="2 Feb 2017 07:43:32 GMT" time="86.724" errors="0">
  <testcase name="main" time="86.724" classname="testCases.SS_CheckOut_RegisterAtCheckout_VerifyDefaultAddressAddition"/>
</testsuite> <!-- testCases.SS_CheckOut_RegisterAtCheckout_VerifyDefaultAddressAddition -->
