<?xml version="1.0" encoding="UTF-8"?>
<!-- Generated by org.testng.reporters.JUnitReportReporter -->
<testsuite hostname="surender3145693" name="testCases.SS_CheckOut_RegisterAtCheckout_OrderUsingGiftCard" tests="1" failures="0" timestamp="25 Jan 2017 03:54:47 GMT" time="66.899" errors="0">
  <testcase name="main" time="66.899" classname="testCases.SS_CheckOut_RegisterAtCheckout_OrderUsingGiftCard"/>
</testsuite> <!-- testCases.SS_CheckOut_RegisterAtCheckout_OrderUsingGiftCard -->
