<?xml version="1.0" encoding="UTF-8"?>
<!-- Generated by org.testng.reporters.JUnitReportReporter -->
<testsuite hostname="surender3145693" name="testCases.SS_Order_OrderDetailsPage" tests="1" failures="0" timestamp="1 Feb 2017 08:10:10 GMT" time="51.025" errors="0">
  <testcase name="main" time="51.025" classname="testCases.SS_Order_OrderDetailsPage"/>
</testsuite> <!-- testCases.SS_Order_OrderDetailsPage -->
