<?xml version="1.0" encoding="UTF-8"?>
<!-- Generated by org.testng.reporters.JUnitReportReporter -->
<testsuite hostname="surender3145693" name="testCases.SS_FCC_Private_Verify_AddToBagFCC_GuestUser" tests="1" failures="0" timestamp="1 Feb 2017 06:29:11 GMT" time="158.042" errors="0">
  <testcase name="main" time="158.042" classname="testCases.SS_FCC_Private_Verify_AddToBagFCC_GuestUser"/>
</testsuite> <!-- testCases.SS_FCC_Private_Verify_AddToBagFCC_GuestUser -->
