<?xml version="1.0" encoding="UTF-8"?>
<!-- Generated by org.testng.reporters.JUnitReportReporter -->
<testsuite hostname="surender3145693" name="testCases.SS_ProfilePage_Multiple_Address_Only_SingleDefaultAddress" tests="1" failures="0" timestamp="1 Feb 2017 06:29:11 GMT" time="123.010" errors="0">
  <testcase name="main" time="123.010" classname="testCases.SS_ProfilePage_Multiple_Address_Only_SingleDefaultAddress"/>
</testsuite> <!-- testCases.SS_ProfilePage_Multiple_Address_Only_SingleDefaultAddress -->
