<?xml version="1.0" encoding="UTF-8"?>
<!-- Generated by org.testng.reporters.JUnitReportReporter -->
<testsuite hostname="surender3145693" name="testCases.SS_CartPage_Public_Verify_CartPage_RemoveGiftMessage_Functionality" tests="1" failures="0" timestamp="1 Feb 2017 06:29:11 GMT" time="95.409" errors="0">
  <testcase name="main" time="95.409" classname="testCases.SS_CartPage_Public_Verify_CartPage_RemoveGiftMessage_Functionality"/>
</testsuite> <!-- testCases.SS_CartPage_Public_Verify_CartPage_RemoveGiftMessage_Functionality -->
