<?xml version="1.0" encoding="UTF-8"?>
<!-- Generated by org.testng.reporters.JUnitReportReporter -->
<testsuite hostname="surender3145693" name="testCases.SS_PDP_Verify_AddToWishList_RegisteredUser" tests="1" failures="0" timestamp="1 Feb 2017 06:29:11 GMT" time="62.775" errors="0">
  <testcase name="main" time="62.775" classname="testCases.SS_PDP_Verify_AddToWishList_RegisteredUser"/>
</testsuite> <!-- testCases.SS_PDP_Verify_AddToWishList_RegisteredUser -->
