<?xml version="1.0" encoding="UTF-8"?>
<!-- Generated by org.testng.reporters.JUnitReportReporter -->
<testsuite hostname="surender3145693" name="testCases.SS_Registration_InvalidInput" tests="1" failures="0" timestamp="1 Feb 2017 06:29:10 GMT" time="23.533" errors="0">
  <testcase name="main" time="23.533" classname="testCases.SS_Registration_InvalidInput"/>
</testsuite> <!-- testCases.SS_Registration_InvalidInput -->
