<?xml version="1.0" encoding="UTF-8"?>
<!-- Generated by org.testng.reporters.JUnitReportReporter -->
<testsuite hostname="surender3145693" name="testCases.SS_Header_Public_Verify_SearchBox_Field_Functionality" tests="1" failures="0" timestamp="1 Feb 2017 06:29:11 GMT" time="24.221" errors="0">
  <testcase name="main" time="24.221" classname="testCases.SS_Header_Public_Verify_SearchBox_Field_Functionality"/>
</testsuite> <!-- testCases.SS_Header_Public_Verify_SearchBox_Field_Functionality -->
