<?xml version="1.0" encoding="UTF-8"?>
<!-- Generated by org.testng.reporters.JUnitReportReporter -->
<testsuite hostname="surender3145693" name="testCases.SS_CartPage_Public_Verify_Edit_Cart_Functionality" tests="1" failures="0" timestamp="1 Feb 2017 06:29:10 GMT" time="92.730" errors="0">
  <testcase name="main" time="92.730" classname="testCases.SS_CartPage_Public_Verify_Edit_Cart_Functionality"/>
</testsuite> <!-- testCases.SS_CartPage_Public_Verify_Edit_Cart_Functionality -->
