<?xml version="1.0" encoding="UTF-8"?>
<!-- Generated by org.testng.reporters.JUnitReportReporter -->
<testsuite hostname="surender3145693" name="testCases.SS_CartPage_Private_Verify_ShoppingBag_Page_Attributes" tests="1" failures="0" timestamp="1 Feb 2017 06:29:11 GMT" time="67.588" errors="0">
  <testcase name="main" time="67.588" classname="testCases.SS_CartPage_Private_Verify_ShoppingBag_Page_Attributes"/>
</testsuite> <!-- testCases.SS_CartPage_Private_Verify_ShoppingBag_Page_Attributes -->
