<?xml version="1.0" encoding="UTF-8"?>
<!-- Generated by org.testng.reporters.JUnitReportReporter -->
<testsuite hostname="surender3145693" name="testCases.SS_Footer_PolicyRelated_Verify_All_Links_Are_Clickable" tests="1" failures="0" timestamp="1 Feb 2017 06:29:10 GMT" time="31.598" errors="0">
  <testcase name="main" time="31.598" classname="testCases.SS_Footer_PolicyRelated_Verify_All_Links_Are_Clickable"/>
</testsuite> <!-- testCases.SS_Footer_PolicyRelated_Verify_All_Links_Are_Clickable -->
