<?xml version="1.0" encoding="UTF-8"?>
<!-- Generated by org.testng.reporters.JUnitReportReporter -->
<testsuite hostname="surender3145693" name="testCases.SS_PLP_Verify_PrimaryFilter_Select_Color_Functionality" tests="1" failures="0" timestamp="1 Feb 2017 06:29:11 GMT" time="102.101" errors="0">
  <testcase name="main" time="102.101" classname="testCases.SS_PLP_Verify_PrimaryFilter_Select_Color_Functionality"/>
</testsuite> <!-- testCases.SS_PLP_Verify_PrimaryFilter_Select_Color_Functionality -->
