<?xml version="1.0" encoding="UTF-8"?>
<!-- Generated by org.testng.reporters.JUnitReportReporter -->
<testsuite hostname="surender3145693" name="testCases.SS_Login" tests="1" failures="0" timestamp="1 Feb 2017 06:29:11 GMT" time="37.841" errors="0">
  <testcase name="main" time="37.841" classname="testCases.SS_Login"/>
</testsuite> <!-- testCases.SS_Login -->
