<?xml version="1.0" encoding="UTF-8"?>
<!-- Generated by org.testng.reporters.JUnitReportReporter -->
<testsuite hostname="surender3145693" name="testCases.SS_CheckOut_RegisterAtCheckout_OrderUsingCC" tests="1" failures="0" timestamp="1 Feb 2017 06:29:10 GMT" time="63.074" errors="0">
  <testcase name="main" time="63.074" classname="testCases.SS_CheckOut_RegisterAtCheckout_OrderUsingCC"/>
</testsuite> <!-- testCases.SS_CheckOut_RegisterAtCheckout_OrderUsingCC -->
