<?xml version="1.0" encoding="UTF-8"?>
<!-- Generated by org.testng.reporters.JUnitReportReporter -->
<testsuite hostname="surender3145693" name="testCases.SS_ProfilePage_DeleteAddress" tests="1" failures="0" timestamp="1 Feb 2017 06:29:10 GMT" time="52.607" errors="0">
  <testcase name="main" time="52.607" classname="testCases.SS_ProfilePage_DeleteAddress"/>
</testsuite> <!-- testCases.SS_ProfilePage_DeleteAddress -->
