<?xml version="1.0" encoding="UTF-8"?>
<!-- Generated by org.testng.reporters.JUnitReportReporter -->
<testsuite hostname="surender3145693" name="testCases.SS_CheckOut_NewAddress" tests="1" failures="0" timestamp="2 Feb 2017 07:34:51 GMT" time="90.964" errors="0">
  <testcase name="main" time="90.964" classname="testCases.SS_CheckOut_NewAddress"/>
</testsuite> <!-- testCases.SS_CheckOut_NewAddress -->
