<?xml version="1.0" encoding="UTF-8"?>
<!-- Generated by org.testng.reporters.JUnitReportReporter -->
<testsuite hostname="surender3145693" name="testCases.SS_MyAccount_Verify_All_Menu" tests="1" failures="0" timestamp="1 Feb 2017 06:29:11 GMT" time="154.222" errors="0">
  <testcase name="main" time="154.222" classname="testCases.SS_MyAccount_Verify_All_Menu"/>
</testsuite> <!-- testCases.SS_MyAccount_Verify_All_Menu -->
