<?xml version="1.0" encoding="UTF-8"?>
<!-- Generated by org.testng.reporters.JUnitReportReporter -->
<testsuite hostname="surender3145693" name="testCases.SS_FCC_Private_Verify_QuickBuyFCC_ViaMyAccountsPage" tests="1" failures="0" timestamp="2 Feb 2017 07:34:51 GMT" time="199.378" errors="0">
  <testcase name="main" time="199.378" classname="testCases.SS_FCC_Private_Verify_QuickBuyFCC_ViaMyAccountsPage"/>
</testsuite> <!-- testCases.SS_FCC_Private_Verify_QuickBuyFCC_ViaMyAccountsPage -->
