<?xml version="1.0" encoding="UTF-8"?>
<!-- Generated by org.testng.reporters.JUnitReportReporter -->
<testsuite hostname="surender3145693" name="testCases.SS_FCC_Private_Verify_AddToBagFCC_ViaMyAccountsPage" tests="1" failures="0" timestamp="2 Feb 2017 07:34:51 GMT" time="276.563" errors="0">
  <testcase name="main" time="276.563" classname="testCases.SS_FCC_Private_Verify_AddToBagFCC_ViaMyAccountsPage"/>
</testsuite> <!-- testCases.SS_FCC_Private_Verify_AddToBagFCC_ViaMyAccountsPage -->
