<?xml version="1.0" encoding="UTF-8"?>
<!-- Generated by org.testng.reporters.JUnitReportReporter -->
<testsuite hostname="surender3145693" name="testCases.SS_Header_Private_Verify_WishlistAlert_Functionality" tests="1" failures="0" timestamp="1 Feb 2017 06:29:11 GMT" time="39.800" errors="0">
  <testcase name="main" time="39.800" classname="testCases.SS_Header_Private_Verify_WishlistAlert_Functionality"/>
</testsuite> <!-- testCases.SS_Header_Private_Verify_WishlistAlert_Functionality -->
