<?xml version="1.0" encoding="UTF-8"?>
<!-- Generated by org.testng.reporters.JUnitReportReporter -->
<testsuite hostname="surender3145693" name="testCases.SS_CheckOut_GuestUser_OrderUsingDBCard" tests="1" failures="0" timestamp="1 Feb 2017 06:29:11 GMT" time="64.302" errors="0">
  <testcase name="main" time="64.302" classname="testCases.SS_CheckOut_GuestUser_OrderUsingDBCard"/>
</testsuite> <!-- testCases.SS_CheckOut_GuestUser_OrderUsingDBCard -->
