<?xml version="1.0" encoding="UTF-8"?>
<!-- Generated by org.testng.reporters.JUnitReportReporter -->
<testsuite hostname="surender3145693" name="testCases.SS_Footer_CustomerRelated_Verify_All_Links_Are_Clickable" tests="1" failures="0" timestamp="1 Feb 2017 06:29:11 GMT" time="133.406" errors="0">
  <testcase name="main" time="133.406" classname="testCases.SS_Footer_CustomerRelated_Verify_All_Links_Are_Clickable"/>
</testsuite> <!-- testCases.SS_Footer_CustomerRelated_Verify_All_Links_Are_Clickable -->
