<?xml version="1.0" encoding="UTF-8"?>
<!-- Generated by org.testng.reporters.JUnitReportReporter -->
<testsuite hostname="surender3145693" name="testCases.SS_CartPage_Private_Verify_ShopingCart_Details" tests="1" failures="0" timestamp="1 Feb 2017 06:29:11 GMT" time="60.664" errors="0">
  <testcase name="main" time="60.664" classname="testCases.SS_CartPage_Private_Verify_ShopingCart_Details"/>
</testsuite> <!-- testCases.SS_CartPage_Private_Verify_ShopingCart_Details -->
