<?xml version="1.0" encoding="UTF-8"?>
<!-- Generated by org.testng.reporters.JUnitReportReporter -->
<testsuite hostname="surender3145693" name="testCases.SS_Header_Public_Verify_TrackOrder_Page_Functionality" tests="1" failures="0" timestamp="2 Feb 2017 07:34:51 GMT" time="81.572" errors="0">
  <testcase name="main" time="81.572" classname="testCases.SS_Header_Public_Verify_TrackOrder_Page_Functionality"/>
</testsuite> <!-- testCases.SS_Header_Public_Verify_TrackOrder_Page_Functionality -->
