<?xml version="1.0" encoding="UTF-8"?>
<!-- Generated by org.testng.reporters.JUnitReportReporter -->
<testsuite hostname="surender3145693" name="testCases.SS_FCC_Private_Verify_QuickBuyFCC_ViaFooter" tests="1" failures="0" timestamp="2 Feb 2017 07:43:32 GMT" time="205.248" errors="0">
  <testcase name="main" time="205.248" classname="testCases.SS_FCC_Private_Verify_QuickBuyFCC_ViaFooter"/>
</testsuite> <!-- testCases.SS_FCC_Private_Verify_QuickBuyFCC_ViaFooter -->
