<?xml version="1.0" encoding="UTF-8"?>
<!-- Generated by org.testng.reporters.JUnitReportReporter -->
<testsuite hostname="surender3145693" name="testCases.SS_MyAccount_RecentOrder" tests="1" failures="0" timestamp="1 Feb 2017 08:10:10 GMT" time="44.849" errors="0">
  <testcase name="main" time="44.849" classname="testCases.SS_MyAccount_RecentOrder"/>
</testsuite> <!-- testCases.SS_MyAccount_RecentOrder -->
