<?xml version="1.0" encoding="UTF-8"?>
<!-- Generated by org.testng.reporters.JUnitReportReporter -->
<testsuite hostname="surender3145693" name="testCases.SS_ProfilePage_PersonalInfo" tests="1" failures="0" timestamp="1 Feb 2017 06:29:11 GMT" time="37.449" errors="0">
  <testcase name="main" time="37.449" classname="testCases.SS_ProfilePage_PersonalInfo"/>
</testsuite> <!-- testCases.SS_ProfilePage_PersonalInfo -->
