<?xml version="1.0" encoding="UTF-8"?>
<!-- Generated by org.testng.reporters.JUnitReportReporter -->
<testsuite hostname="surender3145693" name="testCases.SS_HomePage_Public_Verify_NewsLetterSubscribe_Functionality" tests="1" failures="0" timestamp="1 Feb 2017 06:29:11 GMT" time="26.276" errors="0">
  <testcase name="main" time="26.276" classname="testCases.SS_HomePage_Public_Verify_NewsLetterSubscribe_Functionality"/>
</testsuite> <!-- testCases.SS_HomePage_Public_Verify_NewsLetterSubscribe_Functionality -->
