<?xml version="1.0" encoding="UTF-8"?>
<!-- Generated by org.testng.reporters.JUnitReportReporter -->
<testsuite hostname="surender3145693" name="testCases.SS_CheckOut_LoginAtCheckout_OrderUsingNetBanking" tests="1" failures="0" timestamp="25 Jan 2017 09:17:54 GMT" time="68.317" errors="0">
  <testcase name="main" time="68.317" classname="testCases.SS_CheckOut_LoginAtCheckout_OrderUsingNetBanking"/>
</testsuite> <!-- testCases.SS_CheckOut_LoginAtCheckout_OrderUsingNetBanking -->
