<?xml version="1.0" encoding="UTF-8"?>
<!-- Generated by org.testng.reporters.JUnitReportReporter -->
<testsuite hostname="surender3145693" name="testCases.SS_PLP_Verify_ClearAll_Refinements_Functionality" tests="1" failures="0" timestamp="1 Feb 2017 06:29:11 GMT" time="127.502" errors="0">
  <testcase name="main" time="127.502" classname="testCases.SS_PLP_Verify_ClearAll_Refinements_Functionality"/>
</testsuite> <!-- testCases.SS_PLP_Verify_ClearAll_Refinements_Functionality -->
