<?xml version="1.0" encoding="UTF-8"?>
<!-- Generated by org.testng.reporters.JUnitReportReporter -->
<testsuite hostname="surender3145693" name="testCases.SS_PDP_WriteReview_AutoScrollToBottom" tests="1" failures="0" timestamp="2 Feb 2017 07:34:51 GMT" time="180.801" errors="0">
  <testcase name="main" time="180.801" classname="testCases.SS_PDP_WriteReview_AutoScrollToBottom"/>
</testsuite> <!-- testCases.SS_PDP_WriteReview_AutoScrollToBottom -->
